<?xml version="1.0" encoding="UTF-8"?>
<!-- Generated by org.testng.reporters.JUnitReportReporter -->
<testsuite skipped="0" hostname="DR-INDHYD-035" name="pnew_functionalities.findsuite_testclass" tests="1" failures="0" timestamp="15 Apr 2019 13:18:38 GMT" time="20.171" errors="0">
  <testcase name="excuteTest" time="20.171" classname="pnew_functionalities.findsuite_testclass"/>
</testsuite> <!-- pnew_functionalities.findsuite_testclass -->
