<?xml version="1.0" encoding="UTF-8"?>
<!-- Generated by org.testng.reporters.JUnitReportReporter -->
<testsuite skipped="0" hostname="DR-INDHYD-035" name="pnew_functionalities.practice_1" tests="2" failures="0" timestamp="09 Apr 2019 07:04:44 GMT" time="0.741" errors="0">
  <testcase name="testCase1" time="0.269" classname="pnew_functionalities.practice_1"/>
  <testcase name="testCase1" time="0.472" classname="pnew_functionalities.practice_1"/>
</testsuite> <!-- pnew_functionalities.practice_1 -->
